#
# There is insufficient memory for the Java Runtime Environment to continue.
# Native memory allocation (mmap) failed to map 536870912 bytes for G1 virtual space
# Possible reasons:
#   The system is out of physical RAM or swap space
#   The process is running with CompressedOops enabled, and the Java Heap may be blocking the growth of the native heap
# Possible solutions:
#   Reduce memory load on the system
#   Increase physical memory or swap space
#   Check if swap backing store is full
#   Decrease Java heap size (-Xmx/-Xms)
#   Decrease number of Java threads
#   Decrease Java thread stack sizes (-Xss)
#   Set larger code cache with -XX:ReservedCodeCacheSize=
#   JVM is running with Zero Based Compressed Oops mode in which the Java heap is
#     placed in the first 32GB address space. The Java Heap base address is the
#     maximum limit for the native heap growth. Please use -XX:HeapBaseMinAddress
#     to set the Java Heap base and to place the Java Heap above 32GB virtual address.
# This output file may be truncated or incomplete.
#
#  Out of Memory Error (os_windows.cpp:3552), pid=12152, tid=15124
#
# JRE version:  (17.0.9+11) (build )
# Java VM: Java HotSpot(TM) 64-Bit Server VM (17.0.9+11-LTS-201, mixed mode, sharing, tiered, compressed oops, compressed class ptrs, g1 gc, windows-amd64)
# No core dump will be written. Minidumps are not enabled by default on client versions of Windows
#

---------------  S U M M A R Y ------------

Command Line: 

Host: Intel(R) Core(TM) i5-8400 CPU @ 2.80GHz, 6 cores, 31G,  Windows 10 , 64 bit Build 19041 (10.0.19041.3155)
Time: Fri Apr 26 16:04:03 2024 SE Asia Standard Time elapsed time: 0.007833 seconds (0d 0h 0m 0s)

---------------  T H R E A D  ---------------

Current thread (0x000001945ec03a30):  JavaThread "Unknown thread" [_thread_in_vm, id=15124, stack(0x00000043d3700000,0x00000043d3800000)]

Stack: [0x00000043d3700000,0x00000043d3800000]
Native frames: (J=compiled Java code, j=interpreted, Vv=VM code, C=native code)
V  [jvm.dll+0x678a4a]
V  [jvm.dll+0x7d9cfd]
V  [jvm.dll+0x7db60e]
V  [jvm.dll+0x7dbc73]
V  [jvm.dll+0x245e1f]
V  [jvm.dll+0x6758f9]
V  [jvm.dll+0x66a2a2]
V  [jvm.dll+0x303686]
V  [jvm.dll+0x30ac06]
V  [jvm.dll+0x35a48e]
V  [jvm.dll+0x35a6bf]
V  [jvm.dll+0x2da678]
V  [jvm.dll+0x2db5e4]
V  [jvm.dll+0x7ab6b1]
V  [jvm.dll+0x368041]
V  [jvm.dll+0x78a749]
V  [jvm.dll+0x3ebd4f]
V  [jvm.dll+0x3ed7d1]
C  [jli.dll+0x5297]
C  [ucrtbase.dll+0x21bb2]
C  [KERNEL32.DLL+0x17614]
C  [ntdll.dll+0x526b1]


---------------  P R O C E S S  ---------------

Threads class SMR info:
_java_thread_list=0x00007ffc0e5189d8, length=0, elements={
}

Java Threads: ( => current thread )

Other Threads:
  0x000001945ecae400 GCTaskThread "GC Thread#0" [stack: 0x00000043d3800000,0x00000043d3900000] [id=18288]
  0x000001945ecbf250 ConcurrentGCThread "G1 Main Marker" [stack: 0x00000043d3900000,0x00000043d3a00000] [id=7464]
  0x000001945ecc0400 ConcurrentGCThread "G1 Conc#0" [stack: 0x00000043d3a00000,0x00000043d3b00000] [id=13144]

[error occurred during error reporting (printing all threads), id 0xc0000005, EXCEPTION_ACCESS_VIOLATION (0xc0000005) at pc=0x00007ffc0dd4b2d7]

VM state: not at safepoint (not fully initialized)

VM Mutex/Monitor currently owned by a thread:  ([mutex/lock_event])
[0x000001945ec02b50] Heap_lock - owner thread: 0x000001945ec03a30

Heap address: 0x0000000602000000, size: 8160 MB, Compressed Oops mode: Zero based, Oop shift amount: 3

CDS archive(s) mapped at: [0x0000000000000000-0x0000000000000000-0x0000000000000000), size 0, SharedBaseAddress: 0x0000000800000000, ArchiveRelocationMode: 1.
Narrow klass base: 0x0000000000000000, Narrow klass shift: 0, Narrow klass range: 0x0

GC Precious Log:
<Empty>

Heap:
 garbage-first heap   total 0K, used 0K [0x0000000602000000, 0x0000000800000000)
  region size 4096K, 0 young (0K), 0 survivors (0K)

[error occurred during error reporting (printing heap information), id 0xc0000005, EXCEPTION_ACCESS_VIOLATION (0xc0000005) at pc=0x00007ffc0e132229]

GC Heap History (0 events):
No events

Deoptimization events (0 events):
No events

Classes unloaded (0 events):
No events

Classes redefined (0 events):
No events

Internal exceptions (0 events):
No events

VM Operations (0 events):
No events

Events (1 events):
Event: 0.005 Loaded shared library C:\Program Files\Java\jdk-17\bin\java.dll


Dynamic libraries:
0x00007ff7c37b0000 - 0x00007ff7c37c0000 	C:\Program Files\Java\jdk-17\bin\java.exe
0x00007ffc58470000 - 0x00007ffc58668000 	C:\Windows\SYSTEM32\ntdll.dll
0x00007ffc58150000 - 0x00007ffc5820f000 	C:\Windows\System32\KERNEL32.DLL
0x00007ffc55b50000 - 0x00007ffc55e46000 	C:\Windows\System32\KERNELBASE.dll
0x00007ffc56270000 - 0x00007ffc56370000 	C:\Windows\System32\ucrtbase.dll
0x00007ffc31640000 - 0x00007ffc31659000 	C:\Program Files\Java\jdk-17\bin\jli.dll
0x00007ffc2e3c0000 - 0x00007ffc2e3db000 	C:\Program Files\Java\jdk-17\bin\VCRUNTIME140.dll
0x00007ffc56fb0000 - 0x00007ffc5705f000 	C:\Windows\System32\ADVAPI32.dll
0x00007ffc571a0000 - 0x00007ffc5723e000 	C:\Windows\System32\msvcrt.dll
0x00007ffc57240000 - 0x00007ffc572dc000 	C:\Windows\System32\sechost.dll
0x00007ffc57750000 - 0x00007ffc57876000 	C:\Windows\System32\RPCRT4.dll
0x00007ffc57f00000 - 0x00007ffc5809d000 	C:\Windows\System32\USER32.dll
0x00007ffc40170000 - 0x00007ffc4040a000 	C:\Windows\WinSxS\amd64_microsoft.windows.common-controls_6595b64144ccf1df_6.0.19041.1110_none_60b5254171f9507e\COMCTL32.dll
0x00007ffc563e0000 - 0x00007ffc56402000 	C:\Windows\System32\win32u.dll
0x00007ffc583a0000 - 0x00007ffc583cc000 	C:\Windows\System32\GDI32.dll
0x00007ffc56150000 - 0x00007ffc56265000 	C:\Windows\System32\gdi32full.dll
0x00007ffc55f50000 - 0x00007ffc55fed000 	C:\Windows\System32\msvcp_win.dll
0x00007ffc50400000 - 0x00007ffc5040a000 	C:\Windows\SYSTEM32\VERSION.dll
0x00007ffc57a90000 - 0x00007ffc57ac0000 	C:\Windows\System32\IMM32.DLL
0x00007ffc43370000 - 0x00007ffc4337c000 	C:\Program Files\Java\jdk-17\bin\vcruntime140_1.dll
0x00007ffc210b0000 - 0x00007ffc2113e000 	C:\Program Files\Java\jdk-17\bin\msvcp140.dll
0x00007ffc0da60000 - 0x00007ffc0e641000 	C:\Program Files\Java\jdk-17\bin\server\jvm.dll
0x00007ffc58210000 - 0x00007ffc58218000 	C:\Windows\System32\PSAPI.DLL
0x00007ffc46930000 - 0x00007ffc46957000 	C:\Windows\SYSTEM32\WINMM.dll
0x00007ffc3afb0000 - 0x00007ffc3afb9000 	C:\Windows\SYSTEM32\WSOCK32.dll
0x00007ffc57900000 - 0x00007ffc5796b000 	C:\Windows\System32\WS2_32.dll
0x00007ffc541d0000 - 0x00007ffc541e2000 	C:\Windows\SYSTEM32\kernel.appcore.dll
0x00007ffc3a200000 - 0x00007ffc3a20a000 	C:\Program Files\Java\jdk-17\bin\jimage.dll
0x00007ffc2f5f0000 - 0x00007ffc2f7d4000 	C:\Windows\SYSTEM32\DBGHELP.DLL
0x00007ffc2a1f0000 - 0x00007ffc2a224000 	C:\Windows\SYSTEM32\dbgcore.DLL
0x00007ffc56410000 - 0x00007ffc56492000 	C:\Windows\System32\bcryptPrimitives.dll
0x00007ffc25630000 - 0x00007ffc25655000 	C:\Program Files\Java\jdk-17\bin\java.dll

dbghelp: loaded successfully - version: 4.0.5 - missing functions: none
symbol engine: initialized successfully - sym options: 0x614 - pdb path: .;C:\Program Files\Java\jdk-17\bin;C:\Windows\SYSTEM32;C:\Windows\WinSxS\amd64_microsoft.windows.common-controls_6595b64144ccf1df_6.0.19041.1110_none_60b5254171f9507e;C:\Program Files\Java\jdk-17\bin\server

VM Arguments:
java_command: <unknown>
java_class_path (initial): <not set>
Launcher Type: SUN_STANDARD

[Global flags]
     intx CICompilerCount                          = 3                                         {product} {ergonomic}
     uint ConcGCThreads                            = 2                                         {product} {ergonomic}
     uint G1ConcRefinementThreads                  = 6                                         {product} {ergonomic}
   size_t G1HeapRegionSize                         = 4194304                                   {product} {ergonomic}
    uintx GCDrainStackTargetSize                   = 64                                        {product} {ergonomic}
   size_t InitialHeapSize                          = 536870912                                 {product} {ergonomic}
   size_t MarkStackSize                            = 4194304                                   {product} {ergonomic}
   size_t MaxHeapSize                              = 8556380160                                {product} {ergonomic}
   size_t MinHeapDeltaBytes                        = 4194304                                   {product} {ergonomic}
   size_t MinHeapSize                              = 8388608                                   {product} {ergonomic}
    uintx NonNMethodCodeHeapSize                   = 5832780                                {pd product} {ergonomic}
    uintx NonProfiledCodeHeapSize                  = 122912730                              {pd product} {ergonomic}
    uintx ProfiledCodeHeapSize                     = 122912730                              {pd product} {ergonomic}
    uintx ReservedCodeCacheSize                    = 251658240                              {pd product} {ergonomic}
     bool SegmentedCodeCache                       = true                                      {product} {ergonomic}
   size_t SoftMaxHeapSize                          = 8556380160                             {manageable} {ergonomic}
     bool UseCompressedClassPointers               = true                           {product lp64_product} {ergonomic}
     bool UseCompressedOops                        = true                           {product lp64_product} {ergonomic}
     bool UseG1GC                                  = true                                      {product} {ergonomic}
     bool UseLargePagesIndividualAllocation        = false                                  {pd product} {ergonomic}

Logging:
Log output configuration:
 #0: stdout all=warning uptime,level,tags
 #1: stderr all=off uptime,level,tags

Environment Variables:
PATH=D:\LamDuc\git\hoplonglmsapp\node_modules\.bin;D:\LamDuc\git\hoplonglmsapp\node_modules\.bin;D:\LamDuc\git\node_modules\.bin;D:\LamDuc\node_modules\.bin;D:\node_modules\.bin;C:\Users\duclv\AppData\Roaming\npm\node_modules\npm\node_modules\@npmcli\run-script\lib\node-gyp-bin;D:\LamDuc\git\hoplonglmsapp\node_modules\.bin;D:\LamDuc\git\node_modules\.bin;D:\LamDuc\node_modules\.bin;D:\node_modules\.bin;C:\Users\duclv\AppData\Roaming\npm\node_modules\npm\node_modules\@npmcli\run-script\lib\node-gyp-bin;C:\Program Files\Common Files\Oracle\Java\javapath;C:\Program Files\Microsoft\jdk-11.0.16.101-hotspot\bin;C:\Windows\system32;C:\Windows;C:\Windows\System32\Wbem;C:\Windows\System32\WindowsPowerShell\v1.0\;C:\Windows\System32\OpenSSH\;D:\SDK\flutter\bin;D:\SDK\dart-sdk\bin;C:\Windows\system32\config\systemprofile\.dnx\bin;C:\Program Files\Microsoft DNX\Dnvm\;C:\Program Files\Microsoft SQL Server\130\Tools\Binn\;C:\Program Files\Microsoft SQL Server\Client SDK\ODBC\170\Tools\Binn\;C:\Program Files (x86)\Microsoft SQL Server\150\Tools\Binn\;C:\Program Files\Microsoft SQL Server\150\Tools\Binn\;C:\Program Files\Microsoft SQL Server\150\DTS\Binn\;C:\Program Files (x86)\Microsoft SQL Server\160\DTS\Binn\;C:\Program Files\Azure Data Studio\bin;C:\Program Files\dotnet\;C:\Program Files\Git\cmd;C:\Program Files\nodejs\;D:\JDK\java17\bin;C:\Program Files (x86)\Windows Kits\10\Windows Performance Toolkit\;C:\Users\duclv\AppData\Local\Microsoft\WindowsApps;D:\SDK\dart-sdk\bin;D:\SDK\flutter\bin;C:\Program Files\Azure Data Studio\bin;C:\Users\duclv\.dotnet\tools;C:\Users\duclv\AppData\Local\GitHubDesktop\bin;C:\Users\duclv\AppData\Local\Programs\Microsoft VS Code\bin;C:\Users\duclv\AppData\Roaming\npm;D:\JDK\java17\bin;C:\Users\duclv\AppData\Local\Android\Sdk;
USERNAME=DucLV
LANG=en_US.UTF-8
OS=Windows_NT
PROCESSOR_IDENTIFIER=Intel64 Family 6 Model 158 Stepping 10, GenuineIntel



---------------  S Y S T E M  ---------------

OS:
 Windows 10 , 64 bit Build 19041 (10.0.19041.3155)
OS uptime: 7 days 7:58 hours

CPU: total 6 (initial active 6) (6 cores per cpu, 1 threads per core) family 6 model 158 stepping 10 microcode 0xb4, cx8, cmov, fxsr, mmx, 3dnowpref, sse, sse2, sse3, ssse3, sse4.1, sse4.2, popcnt, lzcnt, tsc, tscinvbit, avx, avx2, aes, erms, clmul, bmi1, bmi2, adx, fma, vzeroupper, clflush, clflushopt

Memory: 4k page, system-wide physical 32634M (4070M free)
TotalPageFile size 32634M (AvailPageFile size 158M)
current process WorkingSet (physical memory assigned to process): 10M, peak: 10M
current process commit charge ("private bytes"): 56M, peak: 568M

vm_info: Java HotSpot(TM) 64-Bit Server VM (17.0.9+11-LTS-201) for windows-amd64 JRE (17.0.9+11-LTS-201), built on Oct 10 2023 23:16:06 by "mach5one" with MS VC++ 17.1 (VS2022)

END.
